
205  [http-bio-9097-exec-4] INFO  org.hibernate.Version  - HHH000412: Hibernate Core {5.4.0.Final}
207  [http-bio-9097-exec-4] INFO  org.hibernate.cfg.Environment  - HHH000206: hibernate.properties not found
484  [http-bio-9097-exec-4] INFO  org.hibernate.annotations.common.Version  - HCANN000001: Hibernate Commons Annotations {5.1.0.Final}
726  [http-bio-9097-exec-4] INFO  org.hibernate.c3p0.internal.C3P0ConnectionProvider  - HHH010002: C3P0 using driver: null at URL: jdbc:mysql://localhost:3306/db1
726  [http-bio-9097-exec-4] INFO  org.hibernate.c3p0.internal.C3P0ConnectionProvider  - HHH10001001: Connection properties: {user=root, password=****}
726  [http-bio-9097-exec-4] INFO  org.hibernate.c3p0.internal.C3P0ConnectionProvider  - HHH10001003: Autocommit mode: false
726  [http-bio-9097-exec-4] WARN  org.hibernate.c3p0.internal.C3P0ConnectionProvider  - HHH10001006: No JDBC Driver class was specified by property hibernate.connection.driver_class
741  [MLog-Init-Reporter] INFO  com.mchange.v2.log.MLog  - MLog clients using log4j logging.
791  [http-bio-9097-exec-4] INFO  com.mchange.v2.c3p0.C3P0Registry  - Initializing c3p0-0.9.5.2 [built 08-December-2015 22:06:04 -0800; debug? true; trace: 10]
821  [http-bio-9097-exec-4] INFO  org.hibernate.c3p0.internal.C3P0ConnectionProvider  - HHH10001007: JDBC isolation level: <unknown>
836  [http-bio-9097-exec-4] INFO  com.mchange.v2.c3p0.impl.AbstractPoolBackedDataSource  - Initializing c3p0 pool... com.mchange.v2.c3p0.PoolBackedDataSource@50f6b6ff [ connectionPoolDataSource -> com.mchange.v2.c3p0.WrapperConnectionPoolDataSource@c52fd7ad [ acquireIncrement -> 3, acquireRetryAttempts -> 30, acquireRetryDelay -> 1000, autoCommitOnClose -> false, automaticTestTable -> null, breakAfterAcquireFailure -> false, checkoutTimeout -> 0, connectionCustomizerClassName -> null, connectionTesterClassName -> com.mchange.v2.c3p0.impl.DefaultConnectionTester, contextClassLoaderSource -> caller, debugUnreturnedConnectionStackTraces -> false, factoryClassLocation -> null, forceIgnoreUnresolvedTransactions -> false, forceSynchronousCheckins -> false, identityToken -> 2up8aaa61bul0bfrgx5s2|20d4b2b7, idleConnectionTestPeriod -> 0, initialPoolSize -> 3, maxAdministrativeTaskTime -> 0, maxConnectionAge -> 0, maxIdleTime -> 0, maxIdleTimeExcessConnections -> 0, maxPoolSize -> 15, maxStatements -> 0, maxStatementsPerConnection -> 0, minPoolSize -> 3, nestedDataSource -> com.mchange.v2.c3p0.DriverManagerDataSource@46f662be [ description -> null, driverClass -> null, factoryClassLocation -> null, forceUseNamedDriverClass -> false, identityToken -> 2up8aaa61bul0bfrgx5s2|69de2352, jdbcUrl -> jdbc:mysql://localhost:3306/db1, properties -> {user=******, password=******} ], preferredTestQuery -> null, privilegeSpawnedThreads -> false, propertyCycle -> 0, statementCacheNumDeferredCloseThreads -> 0, testConnectionOnCheckin -> false, testConnectionOnCheckout -> false, unreturnedConnectionTimeout -> 0, usesTraditionalReflectiveProxies -> false; userOverrides: {} ], dataSourceName -> null, extensions -> {}, factoryClassLocation -> null, identityToken -> 2up8aaa61bul0bfrgx5s2|7d4513a2, numHelperThreads -> 3 ]
1369 [http-bio-9097-exec-4] INFO  org.hibernate.dialect.Dialect  - HHH000400: Using dialect: org.hibernate.dialect.MySQLDialect
2325 [http-bio-9097-exec-4] INFO  org.hibernate.engine.transaction.jta.platform.internal.JtaPlatformInitiator  - HHH000490: Using JtaPlatform implementation: [org.hibernate.engine.transaction.jta.platform.internal.NoJtaPlatform]
2541 [http-bio-9097-exec-4] ERROR com.infy.service.EmployeeServiceImpl  - No employee found for given query
65180 [http-bio-9097-exec-8] INFO  org.hibernate.jpa.internal.util.LogHelper  - HHH000204: Processing PersistenceUnitInfo [
	name: JPA_CRUD
	...]
65198 [http-bio-9097-exec-8] INFO  org.hibernate.c3p0.internal.C3P0ConnectionProvider  - HHH010002: C3P0 using driver: null at URL: jdbc:mysql://localhost:3306/db1
65198 [http-bio-9097-exec-8] INFO  org.hibernate.c3p0.internal.C3P0ConnectionProvider  - HHH10001001: Connection properties: {user=root, password=****}
65199 [http-bio-9097-exec-8] INFO  org.hibernate.c3p0.internal.C3P0ConnectionProvider  - HHH10001003: Autocommit mode: false
65199 [http-bio-9097-exec-8] WARN  org.hibernate.c3p0.internal.C3P0ConnectionProvider  - HHH10001006: No JDBC Driver class was specified by property hibernate.connection.driver_class
65236 [http-bio-9097-exec-8] INFO  org.hibernate.c3p0.internal.C3P0ConnectionProvider  - HHH10001007: JDBC isolation level: <unknown>
65239 [http-bio-9097-exec-8] INFO  com.mchange.v2.c3p0.impl.AbstractPoolBackedDataSource  - Initializing c3p0 pool... com.mchange.v2.c3p0.PoolBackedDataSource@1fa4202 [ connectionPoolDataSource -> com.mchange.v2.c3p0.WrapperConnectionPoolDataSource@63e19509 [ acquireIncrement -> 3, acquireRetryAttempts -> 30, acquireRetryDelay -> 1000, autoCommitOnClose -> false, automaticTestTable -> null, breakAfterAcquireFailure -> false, checkoutTimeout -> 0, connectionCustomizerClassName -> null, connectionTesterClassName -> com.mchange.v2.c3p0.impl.DefaultConnectionTester, contextClassLoaderSource -> caller, debugUnreturnedConnectionStackTraces -> false, factoryClassLocation -> null, forceIgnoreUnresolvedTransactions -> false, forceSynchronousCheckins -> false, identityToken -> 2up8aaa61bul0bfrgx5s2|659f23f0, idleConnectionTestPeriod -> 0, initialPoolSize -> 3, maxAdministrativeTaskTime -> 0, maxConnectionAge -> 0, maxIdleTime -> 0, maxIdleTimeExcessConnections -> 0, maxPoolSize -> 15, maxStatements -> 0, maxStatementsPerConnection -> 0, minPoolSize -> 3, nestedDataSource -> com.mchange.v2.c3p0.DriverManagerDataSource@239bc560 [ description -> null, driverClass -> null, factoryClassLocation -> null, forceUseNamedDriverClass -> false, identityToken -> 2up8aaa61bul0bfrgx5s2|44c48dad, jdbcUrl -> jdbc:mysql://localhost:3306/db1, properties -> {user=******, password=******} ], preferredTestQuery -> null, privilegeSpawnedThreads -> false, propertyCycle -> 0, statementCacheNumDeferredCloseThreads -> 0, testConnectionOnCheckin -> false, testConnectionOnCheckout -> false, unreturnedConnectionTimeout -> 0, usesTraditionalReflectiveProxies -> false; userOverrides: {} ], dataSourceName -> null, extensions -> {}, factoryClassLocation -> null, identityToken -> 2up8aaa61bul0bfrgx5s2|4ed0e0a7, numHelperThreads -> 3 ]
65275 [http-bio-9097-exec-8] INFO  org.hibernate.dialect.Dialect  - HHH000400: Using dialect: org.hibernate.dialect.MySQLDialect
65325 [http-bio-9097-exec-8] INFO  org.hibernate.engine.transaction.jta.platform.internal.JtaPlatformInitiator  - HHH000490: Using JtaPlatform implementation: [org.hibernate.engine.transaction.jta.platform.internal.NoJtaPlatform]
65372 [http-bio-9097-exec-8] INFO  org.hibernate.hql.internal.QueryTranslatorFactoryInitiator  - HHH000397: Using ASTQueryTranslatorFactory
65529 [http-bio-9097-exec-8] ERROR com.infy.service.EmployeeServiceImpl  - CustomException.NoEmoloyeeFound
0    [main] INFO  org.hibernate.jpa.internal.util.LogHelper  - HHH000204: Processing PersistenceUnitInfo [
	name: JPA_CRUD
	...]
525  [main] INFO  org.hibernate.Version  - HHH000412: Hibernate Core {5.4.0.Final}
531  [main] INFO  org.hibernate.cfg.Environment  - HHH000206: hibernate.properties not found
1096 [main] INFO  org.hibernate.annotations.common.Version  - HCANN000001: Hibernate Commons Annotations {5.1.0.Final}
1604 [main] INFO  org.hibernate.c3p0.internal.C3P0ConnectionProvider  - HHH010002: C3P0 using driver: null at URL: jdbc:mysql://localhost:3306/db1
1604 [main] INFO  org.hibernate.c3p0.internal.C3P0ConnectionProvider  - HHH10001001: Connection properties: {user=root, password=****}
1604 [main] INFO  org.hibernate.c3p0.internal.C3P0ConnectionProvider  - HHH10001003: Autocommit mode: false
1604 [main] WARN  org.hibernate.c3p0.internal.C3P0ConnectionProvider  - HHH10001006: No JDBC Driver class was specified by property hibernate.connection.driver_class
1697 [MLog-Init-Reporter] INFO  com.mchange.v2.log.MLog  - MLog clients using log4j logging.
3341 [main] INFO  com.mchange.v2.c3p0.C3P0Registry  - Initializing c3p0-0.9.5.2 [built 08-December-2015 22:06:04 -0800; debug? true; trace: 10]
3383 [main] INFO  org.hibernate.c3p0.internal.C3P0ConnectionProvider  - HHH10001007: JDBC isolation level: <unknown>
3459 [main] INFO  com.mchange.v2.c3p0.impl.AbstractPoolBackedDataSource  - Initializing c3p0 pool... com.mchange.v2.c3p0.PoolBackedDataSource@abf42c3a [ connectionPoolDataSource -> com.mchange.v2.c3p0.WrapperConnectionPoolDataSource@474d7e9 [ acquireIncrement -> 3, acquireRetryAttempts -> 30, acquireRetryDelay -> 1000, autoCommitOnClose -> false, automaticTestTable -> null, breakAfterAcquireFailure -> false, checkoutTimeout -> 0, connectionCustomizerClassName -> null, connectionTesterClassName -> com.mchange.v2.c3p0.impl.DefaultConnectionTester, contextClassLoaderSource -> caller, debugUnreturnedConnectionStackTraces -> false, factoryClassLocation -> null, forceIgnoreUnresolvedTransactions -> false, forceSynchronousCheckins -> false, identityToken -> 1hge9jca61of8guf1hlpcnm|4a3329b9, idleConnectionTestPeriod -> 0, initialPoolSize -> 3, maxAdministrativeTaskTime -> 0, maxConnectionAge -> 0, maxIdleTime -> 0, maxIdleTimeExcessConnections -> 0, maxPoolSize -> 15, maxStatements -> 0, maxStatementsPerConnection -> 0, minPoolSize -> 3, nestedDataSource -> com.mchange.v2.c3p0.DriverManagerDataSource@e097bddd [ description -> null, driverClass -> null, factoryClassLocation -> null, forceUseNamedDriverClass -> false, identityToken -> 1hge9jca61of8guf1hlpcnm|674658f7, jdbcUrl -> jdbc:mysql://localhost:3306/db1, properties -> {user=******, password=******} ], preferredTestQuery -> null, privilegeSpawnedThreads -> false, propertyCycle -> 0, statementCacheNumDeferredCloseThreads -> 0, testConnectionOnCheckin -> false, testConnectionOnCheckout -> false, unreturnedConnectionTimeout -> 0, usesTraditionalReflectiveProxies -> false; userOverrides: {} ], dataSourceName -> null, extensions -> {}, factoryClassLocation -> null, identityToken -> 1hge9jca61of8guf1hlpcnm|2ece4966, numHelperThreads -> 3 ]
5642 [main] INFO  org.hibernate.dialect.Dialect  - HHH000400: Using dialect: org.hibernate.dialect.MySQLDialect
7136 [main] INFO  org.hibernate.engine.transaction.jta.platform.internal.JtaPlatformInitiator  - HHH000490: Using JtaPlatform implementation: [org.hibernate.engine.transaction.jta.platform.internal.NoJtaPlatform]
0    [main] INFO  org.hibernate.jpa.internal.util.LogHelper  - HHH000204: Processing PersistenceUnitInfo [
	name: JPA_CRUD
	...]
78   [main] INFO  org.hibernate.Version  - HHH000412: Hibernate Core {5.4.0.Final}
79   [main] INFO  org.hibernate.cfg.Environment  - HHH000206: hibernate.properties not found
232  [main] INFO  org.hibernate.annotations.common.Version  - HCANN000001: Hibernate Commons Annotations {5.1.0.Final}
448  [main] INFO  org.hibernate.c3p0.internal.C3P0ConnectionProvider  - HHH010002: C3P0 using driver: null at URL: jdbc:mysql://localhost:3306/db1
449  [main] INFO  org.hibernate.c3p0.internal.C3P0ConnectionProvider  - HHH10001001: Connection properties: {user=root, password=****}
449  [main] INFO  org.hibernate.c3p0.internal.C3P0ConnectionProvider  - HHH10001003: Autocommit mode: false
449  [main] WARN  org.hibernate.c3p0.internal.C3P0ConnectionProvider  - HHH10001006: No JDBC Driver class was specified by property hibernate.connection.driver_class
461  [MLog-Init-Reporter] INFO  com.mchange.v2.log.MLog  - MLog clients using log4j logging.
574  [main] INFO  com.mchange.v2.c3p0.C3P0Registry  - Initializing c3p0-0.9.5.2 [built 08-December-2015 22:06:04 -0800; debug? true; trace: 10]
603  [main] INFO  org.hibernate.c3p0.internal.C3P0ConnectionProvider  - HHH10001007: JDBC isolation level: <unknown>
616  [main] INFO  com.mchange.v2.c3p0.impl.AbstractPoolBackedDataSource  - Initializing c3p0 pool... com.mchange.v2.c3p0.PoolBackedDataSource@a40be5c8 [ connectionPoolDataSource -> com.mchange.v2.c3p0.WrapperConnectionPoolDataSource@fc8c9177 [ acquireIncrement -> 3, acquireRetryAttempts -> 30, acquireRetryDelay -> 1000, autoCommitOnClose -> false, automaticTestTable -> null, breakAfterAcquireFailure -> false, checkoutTimeout -> 0, connectionCustomizerClassName -> null, connectionTesterClassName -> com.mchange.v2.c3p0.impl.DefaultConnectionTester, contextClassLoaderSource -> caller, debugUnreturnedConnectionStackTraces -> false, factoryClassLocation -> null, forceIgnoreUnresolvedTransactions -> false, forceSynchronousCheckins -> false, identityToken -> 1hge9jca61ofbe7g63ttxq|4a3329b9, idleConnectionTestPeriod -> 0, initialPoolSize -> 3, maxAdministrativeTaskTime -> 0, maxConnectionAge -> 0, maxIdleTime -> 0, maxIdleTimeExcessConnections -> 0, maxPoolSize -> 15, maxStatements -> 0, maxStatementsPerConnection -> 0, minPoolSize -> 3, nestedDataSource -> com.mchange.v2.c3p0.DriverManagerDataSource@d8af776b [ description -> null, driverClass -> null, factoryClassLocation -> null, forceUseNamedDriverClass -> false, identityToken -> 1hge9jca61ofbe7g63ttxq|674658f7, jdbcUrl -> jdbc:mysql://localhost:3306/db1, properties -> {user=******, password=******} ], preferredTestQuery -> null, privilegeSpawnedThreads -> false, propertyCycle -> 0, statementCacheNumDeferredCloseThreads -> 0, testConnectionOnCheckin -> false, testConnectionOnCheckout -> false, unreturnedConnectionTimeout -> 0, usesTraditionalReflectiveProxies -> false; userOverrides: {} ], dataSourceName -> null, extensions -> {}, factoryClassLocation -> null, identityToken -> 1hge9jca61ofbe7g63ttxq|2ece4966, numHelperThreads -> 3 ]
1102 [main] INFO  org.hibernate.dialect.Dialect  - HHH000400: Using dialect: org.hibernate.dialect.MySQLDialect
1823 [main] INFO  org.hibernate.engine.transaction.jta.platform.internal.JtaPlatformInitiator  - HHH000490: Using JtaPlatform implementation: [org.hibernate.engine.transaction.jta.platform.internal.NoJtaPlatform]
0    [main] INFO  org.hibernate.jpa.internal.util.LogHelper  - HHH000204: Processing PersistenceUnitInfo [
	name: JPA_CRUD
	...]
80   [main] INFO  org.hibernate.Version  - HHH000412: Hibernate Core {5.4.0.Final}
82   [main] INFO  org.hibernate.cfg.Environment  - HHH000206: hibernate.properties not found
223  [main] INFO  org.hibernate.annotations.common.Version  - HCANN000001: Hibernate Commons Annotations {5.1.0.Final}
461  [main] INFO  org.hibernate.c3p0.internal.C3P0ConnectionProvider  - HHH010002: C3P0 using driver: null at URL: jdbc:mysql://localhost:3306/db1
461  [main] INFO  org.hibernate.c3p0.internal.C3P0ConnectionProvider  - HHH10001001: Connection properties: {user=root, password=****}
461  [main] INFO  org.hibernate.c3p0.internal.C3P0ConnectionProvider  - HHH10001003: Autocommit mode: false
461  [main] WARN  org.hibernate.c3p0.internal.C3P0ConnectionProvider  - HHH10001006: No JDBC Driver class was specified by property hibernate.connection.driver_class
473  [MLog-Init-Reporter] INFO  com.mchange.v2.log.MLog  - MLog clients using log4j logging.
590  [main] INFO  com.mchange.v2.c3p0.C3P0Registry  - Initializing c3p0-0.9.5.2 [built 08-December-2015 22:06:04 -0800; debug? true; trace: 10]
619  [main] INFO  org.hibernate.c3p0.internal.C3P0ConnectionProvider  - HHH10001007: JDBC isolation level: <unknown>
632  [main] INFO  com.mchange.v2.c3p0.impl.AbstractPoolBackedDataSource  - Initializing c3p0 pool... com.mchange.v2.c3p0.PoolBackedDataSource@cddc5949 [ connectionPoolDataSource -> com.mchange.v2.c3p0.WrapperConnectionPoolDataSource@265d04f8 [ acquireIncrement -> 3, acquireRetryAttempts -> 30, acquireRetryDelay -> 1000, autoCommitOnClose -> false, automaticTestTable -> null, breakAfterAcquireFailure -> false, checkoutTimeout -> 0, connectionCustomizerClassName -> null, connectionTesterClassName -> com.mchange.v2.c3p0.impl.DefaultConnectionTester, contextClassLoaderSource -> caller, debugUnreturnedConnectionStackTraces -> false, factoryClassLocation -> null, forceIgnoreUnresolvedTransactions -> false, forceSynchronousCheckins -> false, identityToken -> 1hge9jca61ofcpv71jk9m0n|4a3329b9, idleConnectionTestPeriod -> 0, initialPoolSize -> 3, maxAdministrativeTaskTime -> 0, maxConnectionAge -> 0, maxIdleTime -> 0, maxIdleTimeExcessConnections -> 0, maxPoolSize -> 15, maxStatements -> 0, maxStatementsPerConnection -> 0, minPoolSize -> 3, nestedDataSource -> com.mchange.v2.c3p0.DriverManagerDataSource@27feaec [ description -> null, driverClass -> null, factoryClassLocation -> null, forceUseNamedDriverClass -> false, identityToken -> 1hge9jca61ofcpv71jk9m0n|674658f7, jdbcUrl -> jdbc:mysql://localhost:3306/db1, properties -> {user=******, password=******} ], preferredTestQuery -> null, privilegeSpawnedThreads -> false, propertyCycle -> 0, statementCacheNumDeferredCloseThreads -> 0, testConnectionOnCheckin -> false, testConnectionOnCheckout -> false, unreturnedConnectionTimeout -> 0, usesTraditionalReflectiveProxies -> false; userOverrides: {} ], dataSourceName -> null, extensions -> {}, factoryClassLocation -> null, identityToken -> 1hge9jca61ofcpv71jk9m0n|2ece4966, numHelperThreads -> 3 ]
1150 [main] INFO  org.hibernate.dialect.Dialect  - HHH000400: Using dialect: org.hibernate.dialect.MySQLDialect
1961 [main] INFO  org.hibernate.engine.transaction.jta.platform.internal.JtaPlatformInitiator  - HHH000490: Using JtaPlatform implementation: [org.hibernate.engine.transaction.jta.platform.internal.NoJtaPlatform]
0    [main] INFO  org.hibernate.jpa.internal.util.LogHelper  - HHH000204: Processing PersistenceUnitInfo [
	name: JPA_CRUD
	...]
64   [main] INFO  org.hibernate.Version  - HHH000412: Hibernate Core {5.4.0.Final}
65   [main] INFO  org.hibernate.cfg.Environment  - HHH000206: hibernate.properties not found
206  [main] INFO  org.hibernate.annotations.common.Version  - HCANN000001: Hibernate Commons Annotations {5.1.0.Final}
383  [main] INFO  org.hibernate.c3p0.internal.C3P0ConnectionProvider  - HHH010002: C3P0 using driver: null at URL: jdbc:mysql://localhost:3306/db1
383  [main] INFO  org.hibernate.c3p0.internal.C3P0ConnectionProvider  - HHH10001001: Connection properties: {user=root, password=****}
383  [main] INFO  org.hibernate.c3p0.internal.C3P0ConnectionProvider  - HHH10001003: Autocommit mode: false
383  [main] WARN  org.hibernate.c3p0.internal.C3P0ConnectionProvider  - HHH10001006: No JDBC Driver class was specified by property hibernate.connection.driver_class
395  [MLog-Init-Reporter] INFO  com.mchange.v2.log.MLog  - MLog clients using log4j logging.
487  [main] INFO  com.mchange.v2.c3p0.C3P0Registry  - Initializing c3p0-0.9.5.2 [built 08-December-2015 22:06:04 -0800; debug? true; trace: 10]
520  [main] INFO  org.hibernate.c3p0.internal.C3P0ConnectionProvider  - HHH10001007: JDBC isolation level: <unknown>
533  [main] INFO  com.mchange.v2.c3p0.impl.AbstractPoolBackedDataSource  - Initializing c3p0 pool... com.mchange.v2.c3p0.PoolBackedDataSource@6186c34e [ connectionPoolDataSource -> com.mchange.v2.c3p0.WrapperConnectionPoolDataSource@f724278f [ acquireIncrement -> 3, acquireRetryAttempts -> 30, acquireRetryDelay -> 1000, autoCommitOnClose -> false, automaticTestTable -> null, breakAfterAcquireFailure -> false, checkoutTimeout -> 0, connectionCustomizerClassName -> null, connectionTesterClassName -> com.mchange.v2.c3p0.impl.DefaultConnectionTester, contextClassLoaderSource -> caller, debugUnreturnedConnectionStackTraces -> false, factoryClassLocation -> null, forceIgnoreUnresolvedTransactions -> false, forceSynchronousCheckins -> false, identityToken -> 1hge9jca61ofdqliowmjzn|66ce957f, idleConnectionTestPeriod -> 0, initialPoolSize -> 3, maxAdministrativeTaskTime -> 0, maxConnectionAge -> 0, maxIdleTime -> 0, maxIdleTimeExcessConnections -> 0, maxPoolSize -> 15, maxStatements -> 0, maxStatementsPerConnection -> 0, minPoolSize -> 3, nestedDataSource -> com.mchange.v2.c3p0.DriverManagerDataSource@9d41791f [ description -> null, driverClass -> null, factoryClassLocation -> null, forceUseNamedDriverClass -> false, identityToken -> 1hge9jca61ofdqliowmjzn|4d18aa28, jdbcUrl -> jdbc:mysql://localhost:3306/db1, properties -> {user=******, password=******} ], preferredTestQuery -> null, privilegeSpawnedThreads -> false, propertyCycle -> 0, statementCacheNumDeferredCloseThreads -> 0, testConnectionOnCheckin -> false, testConnectionOnCheckout -> false, unreturnedConnectionTimeout -> 0, usesTraditionalReflectiveProxies -> false; userOverrides: {} ], dataSourceName -> null, extensions -> {}, factoryClassLocation -> null, identityToken -> 1hge9jca61ofdqliowmjzn|3b956878, numHelperThreads -> 3 ]
994  [main] INFO  org.hibernate.dialect.Dialect  - HHH000400: Using dialect: org.hibernate.dialect.MySQLDialect
1686 [main] INFO  org.hibernate.engine.transaction.jta.platform.internal.JtaPlatformInitiator  - HHH000490: Using JtaPlatform implementation: [org.hibernate.engine.transaction.jta.platform.internal.NoJtaPlatform]
0    [main] INFO  org.hibernate.jpa.internal.util.LogHelper  - HHH000204: Processing PersistenceUnitInfo [
	name: JPA_CRUD
	...]
110  [main] INFO  org.hibernate.Version  - HHH000412: Hibernate Core {5.4.0.Final}
111  [main] INFO  org.hibernate.cfg.Environment  - HHH000206: hibernate.properties not found
259  [main] INFO  org.hibernate.annotations.common.Version  - HCANN000001: Hibernate Commons Annotations {5.1.0.Final}
469  [main] INFO  org.hibernate.c3p0.internal.C3P0ConnectionProvider  - HHH010002: C3P0 using driver: null at URL: jdbc:mysql://localhost:3306/db1
469  [main] INFO  org.hibernate.c3p0.internal.C3P0ConnectionProvider  - HHH10001001: Connection properties: {user=root, password=****}
470  [main] INFO  org.hibernate.c3p0.internal.C3P0ConnectionProvider  - HHH10001003: Autocommit mode: false
470  [main] WARN  org.hibernate.c3p0.internal.C3P0ConnectionProvider  - HHH10001006: No JDBC Driver class was specified by property hibernate.connection.driver_class
482  [MLog-Init-Reporter] INFO  com.mchange.v2.log.MLog  - MLog clients using log4j logging.
591  [main] INFO  com.mchange.v2.c3p0.C3P0Registry  - Initializing c3p0-0.9.5.2 [built 08-December-2015 22:06:04 -0800; debug? true; trace: 10]
619  [main] INFO  org.hibernate.c3p0.internal.C3P0ConnectionProvider  - HHH10001007: JDBC isolation level: <unknown>
633  [main] INFO  com.mchange.v2.c3p0.impl.AbstractPoolBackedDataSource  - Initializing c3p0 pool... com.mchange.v2.c3p0.PoolBackedDataSource@4b5249b4 [ connectionPoolDataSource -> com.mchange.v2.c3p0.WrapperConnectionPoolDataSource@245e4cf2 [ acquireIncrement -> 3, acquireRetryAttempts -> 30, acquireRetryDelay -> 1000, autoCommitOnClose -> false, automaticTestTable -> null, breakAfterAcquireFailure -> false, checkoutTimeout -> 0, connectionCustomizerClassName -> null, connectionTesterClassName -> com.mchange.v2.c3p0.impl.DefaultConnectionTester, contextClassLoaderSource -> caller, debugUnreturnedConnectionStackTraces -> false, factoryClassLocation -> null, forceIgnoreUnresolvedTransactions -> false, forceSynchronousCheckins -> false, identityToken -> 2up8aaa61ofg1cf3i93i7|15eebbff, idleConnectionTestPeriod -> 0, initialPoolSize -> 3, maxAdministrativeTaskTime -> 0, maxConnectionAge -> 0, maxIdleTime -> 0, maxIdleTimeExcessConnections -> 0, maxPoolSize -> 15, maxStatements -> 0, maxStatementsPerConnection -> 0, minPoolSize -> 3, nestedDataSource -> com.mchange.v2.c3p0.DriverManagerDataSource@a71a09f9 [ description -> null, driverClass -> null, factoryClassLocation -> null, forceUseNamedDriverClass -> false, identityToken -> 2up8aaa61ofg1cf3i93i7|fd8294b, jdbcUrl -> jdbc:mysql://localhost:3306/db1, properties -> {user=******, password=******} ], preferredTestQuery -> null, privilegeSpawnedThreads -> false, propertyCycle -> 0, statementCacheNumDeferredCloseThreads -> 0, testConnectionOnCheckin -> false, testConnectionOnCheckout -> false, unreturnedConnectionTimeout -> 0, usesTraditionalReflectiveProxies -> false; userOverrides: {} ], dataSourceName -> null, extensions -> {}, factoryClassLocation -> null, identityToken -> 2up8aaa61ofg1cf3i93i7|3234f74e, numHelperThreads -> 3 ]
1141 [main] INFO  org.hibernate.dialect.Dialect  - HHH000400: Using dialect: org.hibernate.dialect.MySQLDialect
1856 [main] INFO  org.hibernate.engine.transaction.jta.platform.internal.JtaPlatformInitiator  - HHH000490: Using JtaPlatform implementation: [org.hibernate.engine.transaction.jta.platform.internal.NoJtaPlatform]
0    [http-bio-9097-exec-3] INFO  org.hibernate.jpa.internal.util.LogHelper  - HHH000204: Processing PersistenceUnitInfo [
	name: JPA_CRUD
	...]
327  [http-bio-9097-exec-3] INFO  org.hibernate.Version  - HHH000412: Hibernate Core {5.4.0.Final}
336  [http-bio-9097-exec-3] INFO  org.hibernate.cfg.Environment  - HHH000206: hibernate.properties not found
852  [http-bio-9097-exec-3] INFO  org.hibernate.annotations.common.Version  - HCANN000001: Hibernate Commons Annotations {5.1.0.Final}
1199 [http-bio-9097-exec-3] INFO  org.hibernate.c3p0.internal.C3P0ConnectionProvider  - HHH010002: C3P0 using driver: null at URL: jdbc:mysql://localhost:3306/db1
1199 [http-bio-9097-exec-3] INFO  org.hibernate.c3p0.internal.C3P0ConnectionProvider  - HHH10001001: Connection properties: {user=root, password=****}
1199 [http-bio-9097-exec-3] INFO  org.hibernate.c3p0.internal.C3P0ConnectionProvider  - HHH10001003: Autocommit mode: false
1199 [http-bio-9097-exec-3] WARN  org.hibernate.c3p0.internal.C3P0ConnectionProvider  - HHH10001006: No JDBC Driver class was specified by property hibernate.connection.driver_class
1261 [MLog-Init-Reporter] INFO  com.mchange.v2.log.MLog  - MLog clients using log4j logging.
1319 [http-bio-9097-exec-3] INFO  com.mchange.v2.c3p0.C3P0Registry  - Initializing c3p0-0.9.5.2 [built 08-December-2015 22:06:04 -0800; debug? true; trace: 10]
1349 [http-bio-9097-exec-3] INFO  org.hibernate.c3p0.internal.C3P0ConnectionProvider  - HHH10001007: JDBC isolation level: <unknown>
1368 [http-bio-9097-exec-3] INFO  com.mchange.v2.c3p0.impl.AbstractPoolBackedDataSource  - Initializing c3p0 pool... com.mchange.v2.c3p0.PoolBackedDataSource@209fd0c0 [ connectionPoolDataSource -> com.mchange.v2.c3p0.WrapperConnectionPoolDataSource@6b305c87 [ acquireIncrement -> 3, acquireRetryAttempts -> 30, acquireRetryDelay -> 1000, autoCommitOnClose -> false, automaticTestTable -> null, breakAfterAcquireFailure -> false, checkoutTimeout -> 0, connectionCustomizerClassName -> null, connectionTesterClassName -> com.mchange.v2.c3p0.impl.DefaultConnectionTester, contextClassLoaderSource -> caller, debugUnreturnedConnectionStackTraces -> false, factoryClassLocation -> null, forceIgnoreUnresolvedTransactions -> false, forceSynchronousCheckins -> false, identityToken -> 2up8aaa61ofio4ut37v9p|47614347, idleConnectionTestPeriod -> 0, initialPoolSize -> 3, maxAdministrativeTaskTime -> 0, maxConnectionAge -> 0, maxIdleTime -> 0, maxIdleTimeExcessConnections -> 0, maxPoolSize -> 15, maxStatements -> 0, maxStatementsPerConnection -> 0, minPoolSize -> 3, nestedDataSource -> com.mchange.v2.c3p0.DriverManagerDataSource@38c6fb4a [ description -> null, driverClass -> null, factoryClassLocation -> null, forceUseNamedDriverClass -> false, identityToken -> 2up8aaa61ofio4ut37v9p|6cb136ec, jdbcUrl -> jdbc:mysql://localhost:3306/db1, properties -> {user=******, password=******} ], preferredTestQuery -> null, privilegeSpawnedThreads -> false, propertyCycle -> 0, statementCacheNumDeferredCloseThreads -> 0, testConnectionOnCheckin -> false, testConnectionOnCheckout -> false, unreturnedConnectionTimeout -> 0, usesTraditionalReflectiveProxies -> false; userOverrides: {} ], dataSourceName -> null, extensions -> {}, factoryClassLocation -> null, identityToken -> 2up8aaa61ofio4ut37v9p|e09f186, numHelperThreads -> 3 ]
2032 [http-bio-9097-exec-3] INFO  org.hibernate.dialect.Dialect  - HHH000400: Using dialect: org.hibernate.dialect.MySQLDialect
3956 [http-bio-9097-exec-3] INFO  org.hibernate.engine.transaction.jta.platform.internal.JtaPlatformInitiator  - HHH000490: Using JtaPlatform implementation: [org.hibernate.engine.transaction.jta.platform.internal.NoJtaPlatform]
4182 [http-bio-9097-exec-3] INFO  org.hibernate.hql.internal.QueryTranslatorFactoryInitiator  - HHH000397: Using ASTQueryTranslatorFactory
4403 [http-bio-9097-exec-3] ERROR com.infy.service.EmployeeServiceImpl  - No employee found for given query
15749 [http-bio-9097-exec-3] INFO  org.hibernate.jpa.internal.util.LogHelper  - HHH000204: Processing PersistenceUnitInfo [
	name: JPA_CRUD
	...]
15771 [http-bio-9097-exec-3] INFO  org.hibernate.c3p0.internal.C3P0ConnectionProvider  - HHH010002: C3P0 using driver: null at URL: jdbc:mysql://localhost:3306/db1
15771 [http-bio-9097-exec-3] INFO  org.hibernate.c3p0.internal.C3P0ConnectionProvider  - HHH10001001: Connection properties: {user=root, password=****}
15771 [http-bio-9097-exec-3] INFO  org.hibernate.c3p0.internal.C3P0ConnectionProvider  - HHH10001003: Autocommit mode: false
15771 [http-bio-9097-exec-3] WARN  org.hibernate.c3p0.internal.C3P0ConnectionProvider  - HHH10001006: No JDBC Driver class was specified by property hibernate.connection.driver_class
15805 [http-bio-9097-exec-3] INFO  org.hibernate.c3p0.internal.C3P0ConnectionProvider  - HHH10001007: JDBC isolation level: <unknown>
15807 [http-bio-9097-exec-3] INFO  com.mchange.v2.c3p0.impl.AbstractPoolBackedDataSource  - Initializing c3p0 pool... com.mchange.v2.c3p0.PoolBackedDataSource@559538e9 [ connectionPoolDataSource -> com.mchange.v2.c3p0.WrapperConnectionPoolDataSource@a13159d1 [ acquireIncrement -> 3, acquireRetryAttempts -> 30, acquireRetryDelay -> 1000, autoCommitOnClose -> false, automaticTestTable -> null, breakAfterAcquireFailure -> false, checkoutTimeout -> 0, connectionCustomizerClassName -> null, connectionTesterClassName -> com.mchange.v2.c3p0.impl.DefaultConnectionTester, contextClassLoaderSource -> caller, debugUnreturnedConnectionStackTraces -> false, factoryClassLocation -> null, forceIgnoreUnresolvedTransactions -> false, forceSynchronousCheckins -> false, identityToken -> 2up8aaa61ofio4ut37v9p|2582ca50, idleConnectionTestPeriod -> 0, initialPoolSize -> 3, maxAdministrativeTaskTime -> 0, maxConnectionAge -> 0, maxIdleTime -> 0, maxIdleTimeExcessConnections -> 0, maxPoolSize -> 15, maxStatements -> 0, maxStatementsPerConnection -> 0, minPoolSize -> 3, nestedDataSource -> com.mchange.v2.c3p0.DriverManagerDataSource@1f7b1f7f [ description -> null, driverClass -> null, factoryClassLocation -> null, forceUseNamedDriverClass -> false, identityToken -> 2up8aaa61ofio4ut37v9p|63cc5b75, jdbcUrl -> jdbc:mysql://localhost:3306/db1, properties -> {user=******, password=******} ], preferredTestQuery -> null, privilegeSpawnedThreads -> false, propertyCycle -> 0, statementCacheNumDeferredCloseThreads -> 0, testConnectionOnCheckin -> false, testConnectionOnCheckout -> false, unreturnedConnectionTimeout -> 0, usesTraditionalReflectiveProxies -> false; userOverrides: {} ], dataSourceName -> null, extensions -> {}, factoryClassLocation -> null, identityToken -> 2up8aaa61ofio4ut37v9p|2b370a3, numHelperThreads -> 3 ]
15904 [http-bio-9097-exec-3] INFO  org.hibernate.dialect.Dialect  - HHH000400: Using dialect: org.hibernate.dialect.MySQLDialect
15949 [http-bio-9097-exec-3] INFO  org.hibernate.engine.transaction.jta.platform.internal.JtaPlatformInitiator  - HHH000490: Using JtaPlatform implementation: [org.hibernate.engine.transaction.jta.platform.internal.NoJtaPlatform]
15950 [http-bio-9097-exec-3] INFO  org.hibernate.hql.internal.QueryTranslatorFactoryInitiator  - HHH000397: Using ASTQueryTranslatorFactory
